[0.022s] Invoking command in '/home/adi/RosProjects/build/my_robot_interfaces': CMAKE_PREFIX_PATH=${CMAKE_PREFIX_PATH}:/home/adi/RosProjects/install/my_py_pkg:/opt/ros/humble /usr/bin/cmake --build /home/adi/RosProjects/build/my_robot_interfaces -- -j4 -l4
[0.122s] -- Found ament_cmake: 1.3.11 (/opt/ros/humble/share/ament_cmake/cmake)
[0.297s] -- Found rosidl_default_generators: 1.2.0 (/opt/ros/humble/share/rosidl_default_generators/cmake)
[0.302s] -- Using all available rosidl_typesupport_c: rosidl_typesupport_fastrtps_c;rosidl_typesupport_introspection_c
[0.308s] -- Found rosidl_adapter: 3.1.6 (/opt/ros/humble/share/rosidl_adapter/cmake)
[0.370s] -- Using all available rosidl_typesupport_cpp: rosidl_typesupport_fastrtps_cpp;rosidl_typesupport_introspection_cpp
[0.600s] [31mCMake Error at /opt/ros/humble/share/rosidl_adapter/cmake/rosidl_adapt_interfaces.cmake:59 (message):
[0.601s]   execute_process(/usr/bin/python3 -m rosidl_adapter --package-name
[0.601s]   my_robot_interfaces --arguments-file
[0.601s]   /home/adi/RosProjects/build/my_robot_interfaces/rosidl_adapter__arguments__my_robot_interfaces.json
[0.601s]   --output-dir
[0.601s]   /home/adi/RosProjects/build/my_robot_interfaces/rosidl_adapter/my_robot_interfaces
[0.601s]   --output-file
[0.601s]   /home/adi/RosProjects/build/my_robot_interfaces/rosidl_adapter/my_robot_interfaces.idls)
[0.601s]   returned error code 1:
[0.601s] 
[0.601s]   Error processing 'float64 BatteryLevel' of
[0.601s]   'my_robot_interfaces/BatteryStatus': ''BatteryLevel' is an invalid field
[0.601s]   name.  It should have the pattern '^(?!.*__)(?!.*_$)[a-z][a-z0-9_]*$''
[0.601s] 
[0.601s]   Traceback (most recent call last):
[0.601s] 
[0.601s]     File "/usr/lib/python3.10/runpy.py", line 196, in _run_module_as_main
[0.601s]       return _run_code(code, main_globals, None,
[0.601s]     File "/usr/lib/python3.10/runpy.py", line 86, in _run_code
[0.601s]       exec(code, run_globals)
[0.601s]     File "/opt/ros/humble/local/lib/python3.10/dist-packages/rosidl_adapter/__main__.py", line 19, in <module>
[0.602s]       sys.exit(main())
[0.602s]     File "/opt/ros/humble/local/lib/python3.10/dist-packages/rosidl_adapter/main.py", line 53, in main
[0.602s]       abs_idl_file = convert_to_idl(
[0.602s]     File "/opt/ros/humble/local/lib/python3.10/dist-packages/rosidl_adapter/__init__.py", line 19, in convert_to_idl
[0.602s]       return convert_msg_to_idl(
[0.602s]     File "/opt/ros/humble/local/lib/python3.10/dist-packages/rosidl_adapter/msg/__init__.py", line 28, in convert_msg_to_idl
[0.602s]       msg = parse_message_string(package_name, input_file.stem, content)
[0.602s]     File "/opt/ros/humble/local/lib/python3.10/dist-packages/rosidl_adapter/parser.py", line 519, in parse_message_string
[0.602s]       fields.append(Field(
[0.602s]     File "/opt/ros/humble/local/lib/python3.10/dist-packages/rosidl_adapter/parser.py", line 354, in __init__
[0.602s]       raise NameError(
[0.602s] 
[0.602s]   NameError: 'BatteryLevel' is an invalid field name.  It should have the
[0.602s]   pattern '^(?!.*__)(?!.*_$)[a-z][a-z0-9_]*$'
[0.602s] 
[0.602s] Call Stack (most recent call first):
[0.602s]   /opt/ros/humble/share/rosidl_cmake/cmake/rosidl_generate_interfaces.cmake:130 (rosidl_adapt_interfaces)
[0.602s]   CMakeLists.txt:11 (rosidl_generate_interfaces)
[0.602s] 
[0.602s] [0m
[0.602s] -- Configuring incomplete, errors occurred!
[0.603s] See also "/home/adi/RosProjects/build/my_robot_interfaces/CMakeFiles/CMakeOutput.log".
[0.604s] gmake: *** [Makefile:963: cmake_check_build_system] Error 1
[0.607s] Invoked command in '/home/adi/RosProjects/build/my_robot_interfaces' returned '2': CMAKE_PREFIX_PATH=${CMAKE_PREFIX_PATH}:/home/adi/RosProjects/install/my_py_pkg:/opt/ros/humble /usr/bin/cmake --build /home/adi/RosProjects/build/my_robot_interfaces -- -j4 -l4
