[0.016s] Invoking command in '/home/adi/RosProjects/build/my_robot_interfaces': CMAKE_PREFIX_PATH=${CMAKE_PREFIX_PATH}:/home/adi/RosProjects/install/my_py_pkg:/opt/ros/humble /usr/bin/cmake --build /home/adi/RosProjects/build/my_robot_interfaces -- -j4 -l4
[0.062s] -- Found ament_cmake: 1.3.11 (/opt/ros/humble/share/ament_cmake/cmake)
[0.226s] -- Found rosidl_default_generators: 1.2.0 (/opt/ros/humble/share/rosidl_default_generators/cmake)
[0.232s] -- Using all available rosidl_typesupport_c: rosidl_typesupport_fastrtps_c;rosidl_typesupport_introspection_c
[0.237s] -- Found rosidl_adapter: 3.1.6 (/opt/ros/humble/share/rosidl_adapter/cmake)
[0.298s] -- Using all available rosidl_typesupport_cpp: rosidl_typesupport_fastrtps_cpp;rosidl_typesupport_introspection_cpp
[0.519s] [31mCMake Error at /opt/ros/humble/share/rosidl_adapter/cmake/rosidl_adapt_interfaces.cmake:59 (message):
[0.520s]   execute_process(/usr/bin/python3 -m rosidl_adapter --package-name
[0.520s]   my_robot_interfaces --arguments-file
[0.520s]   /home/adi/RosProjects/build/my_robot_interfaces/rosidl_adapter__arguments__my_robot_interfaces.json
[0.520s]   --output-dir
[0.520s]   /home/adi/RosProjects/build/my_robot_interfaces/rosidl_adapter/my_robot_interfaces
[0.520s]   --output-file
[0.520s]   /home/adi/RosProjects/build/my_robot_interfaces/rosidl_adapter/my_robot_interfaces.idls)
[0.520s]   returned error code 1:
[0.520s] 
[0.520s]   Error with: my_robot_interfaces SetLedStatus_Response int
[0.520s] 
[0.520s]   Traceback (most recent call last):
[0.520s] 
[0.520s]     File "/usr/lib/python3.10/runpy.py", line 196, in _run_module_as_main
[0.520s]       return _run_code(code, main_globals, None,
[0.520s]     File "/usr/lib/python3.10/runpy.py", line 86, in _run_code
[0.520s]       exec(code, run_globals)
[0.521s]     File "/opt/ros/humble/local/lib/python3.10/dist-packages/rosidl_adapter/__main__.py", line 19, in <module>
[0.521s]       sys.exit(main())
[0.521s]     File "/opt/ros/humble/local/lib/python3.10/dist-packages/rosidl_adapter/main.py", line 53, in main
[0.521s]       abs_idl_file = convert_to_idl(
[0.521s]     File "/opt/ros/humble/local/lib/python3.10/dist-packages/rosidl_adapter/__init__.py", line 24, in convert_to_idl
[0.521s]       return convert_srv_to_idl(
[0.521s]     File "/opt/ros/humble/local/lib/python3.10/dist-packages/rosidl_adapter/srv/__init__.py", line 28, in convert_srv_to_idl
[0.521s]       srv = parse_service_string(package_name, input_file.stem, content)
[0.521s]     File "/opt/ros/humble/local/lib/python3.10/dist-packages/rosidl_adapter/parser.py", line 863, in parse_service_string
[0.521s]       response_message = parse_message_string(
[0.521s]     File "/opt/ros/humble/local/lib/python3.10/dist-packages/rosidl_adapter/parser.py", line 510, in parse_message_string
[0.521s]       raise InvalidFieldDefinition(line)
[0.521s] 
[0.521s]   rosidl_adapter.parser.InvalidFieldDefinition: int
[0.521s] 
[0.521s] Call Stack (most recent call first):
[0.521s]   /opt/ros/humble/share/rosidl_cmake/cmake/rosidl_generate_interfaces.cmake:130 (rosidl_adapt_interfaces)
[0.521s]   CMakeLists.txt:11 (rosidl_generate_interfaces)
[0.521s] 
[0.521s] [0m
[0.522s] -- Configuring incomplete, errors occurred!
[0.522s] See also "/home/adi/RosProjects/build/my_robot_interfaces/CMakeFiles/CMakeOutput.log".
[0.524s] gmake: *** [Makefile:1179: cmake_check_build_system] Error 1
[0.526s] Invoked command in '/home/adi/RosProjects/build/my_robot_interfaces' returned '2': CMAKE_PREFIX_PATH=${CMAKE_PREFIX_PATH}:/home/adi/RosProjects/install/my_py_pkg:/opt/ros/humble /usr/bin/cmake --build /home/adi/RosProjects/build/my_robot_interfaces -- -j4 -l4
