[0.014s] Invoking command in '/home/adi/RosProjects/build/my_robot_interfaces': CMAKE_PREFIX_PATH=${CMAKE_PREFIX_PATH}:/home/adi/RosProjects/install/my_py_pkg:/home/adi/install/my_py_pkg:/opt/ros/humble /usr/bin/cmake --build /home/adi/RosProjects/build/my_robot_interfaces -- -j4 -l4
[0.060s] -- Found ament_cmake: 1.3.11 (/opt/ros/humble/share/ament_cmake/cmake)
[0.240s] -- Found rosidl_default_generators: 1.2.0 (/opt/ros/humble/share/rosidl_default_generators/cmake)
[0.245s] -- Using all available rosidl_typesupport_c: rosidl_typesupport_fastrtps_c;rosidl_typesupport_introspection_c
[0.251s] -- Found rosidl_adapter: 3.1.6 (/opt/ros/humble/share/rosidl_adapter/cmake)
[0.303s] -- Using all available rosidl_typesupport_cpp: rosidl_typesupport_fastrtps_cpp;rosidl_typesupport_introspection_cpp
[0.541s] -- Configuring incomplete, errors occurred!
[0.541s] See also "/home/adi/RosProjects/build/my_robot_interfaces/CMakeFiles/CMakeOutput.log".
[0.542s] [31mCMake Error at /opt/ros/humble/share/rosidl_adapter/cmake/rosidl_adapt_interfaces.cmake:59 (message):
[0.542s]   execute_process(/usr/bin/python3 -m rosidl_adapter --package-name
[0.542s]   my_robot_interfaces --arguments-file
[0.542s]   /home/adi/RosProjects/build/my_robot_interfaces/rosidl_adapter__arguments__my_robot_interfaces.json
[0.542s]   --output-dir
[0.542s]   /home/adi/RosProjects/build/my_robot_interfaces/rosidl_adapter/my_robot_interfaces
[0.542s]   --output-file
[0.543s]   /home/adi/RosProjects/build/my_robot_interfaces/rosidl_adapter/my_robot_interfaces.idls)
[0.543s]   returned error code 1:
[0.543s] 
[0.543s]   Error processing 'float63 current_y_position' of
[0.543s]   'my_robot_interfaces/PredatorMovement_Feedback': ''float63' is an invalid
[0.543s]   message name.  It should have the pattern '^[A-Z][A-Za-z0-9]*$''
[0.543s] 
[0.543s]   Traceback (most recent call last):
[0.543s] 
[0.543s]     File "/usr/lib/python3.10/runpy.py", line 196, in _run_module_as_main
[0.543s]       return _run_code(code, main_globals, None,
[0.543s]     File "/usr/lib/python3.10/runpy.py", line 86, in _run_code
[0.543s]       exec(code, run_globals)
[0.543s]     File "/opt/ros/humble/local/lib/python3.10/dist-packages/rosidl_adapter/__main__.py", line 19, in <module>
[0.543s]       sys.exit(main())
[0.543s]     File "/opt/ros/humble/local/lib/python3.10/dist-packages/rosidl_adapter/main.py", line 53, in main
[0.543s]       abs_idl_file = convert_to_idl(
[0.543s]     File "/opt/ros/humble/local/lib/python3.10/dist-packages/rosidl_adapter/__init__.py", line 29, in convert_to_idl
[0.543s]       return convert_action_to_idl(
[0.543s]     File "/opt/ros/humble/local/lib/python3.10/dist-packages/rosidl_adapter/action/__init__.py", line 28, in convert_action_to_idl
[0.543s]       action = parse_action_string(package_name, input_file.stem, content)
[0.543s]     File "/opt/ros/humble/local/lib/python3.10/dist-packages/rosidl_adapter/parser.py", line 906, in parse_action_string
[0.543s]       feedback_message = parse_message_string(
[0.544s]     File "/opt/ros/humble/local/lib/python3.10/dist-packages/rosidl_adapter/parser.py", line 520, in parse_message_string
[0.544s]       Type(type_string, context_package_name=pkg_name),
[0.544s]     File "/opt/ros/humble/local/lib/python3.10/dist-packages/rosidl_adapter/parser.py", line 277, in __init__
[0.544s]       super(Type, self).__init__(
[0.544s]     File "/opt/ros/humble/local/lib/python3.10/dist-packages/rosidl_adapter/parser.py", line 205, in __init__
[0.544s]       raise InvalidResourceName(
[0.544s] 
[0.544s]   rosidl_adapter.parser.InvalidResourceName: 'float63' is an invalid message
[0.544s]   name.  It should have the pattern '^[A-Z][A-Za-z0-9]*$'
[0.544s] 
[0.544s] Call Stack (most recent call first):
[0.544s]   /opt/ros/humble/share/rosidl_cmake/cmake/rosidl_generate_interfaces.cmake:130 (rosidl_adapt_interfaces)
[0.544s]   CMakeLists.txt:11 (rosidl_generate_interfaces)
[0.544s] 
[0.544s] [0m
[0.546s] gmake: *** [Makefile:1395: cmake_check_build_system] Error 1
[0.549s] Invoked command in '/home/adi/RosProjects/build/my_robot_interfaces' returned '2': CMAKE_PREFIX_PATH=${CMAKE_PREFIX_PATH}:/home/adi/RosProjects/install/my_py_pkg:/home/adi/install/my_py_pkg:/opt/ros/humble /usr/bin/cmake --build /home/adi/RosProjects/build/my_robot_interfaces -- -j4 -l4
