[0.014s] Invoking command in '/home/adi/RosProjects/build/my_robot_interfaces': CMAKE_PREFIX_PATH=${CMAKE_PREFIX_PATH}:/home/adi/RosProjects/install/my_py_pkg:/home/adi/install/my_py_pkg:/opt/ros/humble /usr/bin/cmake --build /home/adi/RosProjects/build/my_robot_interfaces -- -j4 -l4
[0.042s] -- Found ament_cmake: 1.3.11 (/opt/ros/humble/share/ament_cmake/cmake)
[0.173s] -- Found rosidl_default_generators: 1.2.0 (/opt/ros/humble/share/rosidl_default_generators/cmake)
[0.177s] -- Using all available rosidl_typesupport_c: rosidl_typesupport_fastrtps_c;rosidl_typesupport_introspection_c
[0.178s] -- Found rosidl_adapter: 3.1.6 (/opt/ros/humble/share/rosidl_adapter/cmake)
[0.205s] -- Using all available rosidl_typesupport_cpp: rosidl_typesupport_fastrtps_cpp;rosidl_typesupport_introspection_cpp
[0.440s] [31mCMake Error at /opt/ros/humble/share/rosidl_adapter/cmake/rosidl_adapt_interfaces.cmake:59 (message):
[0.440s]   execute_process(/usr/bin/python3 -m rosidl_adapter --package-name
[0.440s]   my_robot_interfaces --arguments-file
[0.440s]   /home/adi/RosProjects/build/my_robot_interfaces/rosidl_adapter__arguments__my_robot_interfaces.json
[0.440s]   --output-dir
[0.440s]   /home/adi/RosProjects/build/my_robot_interfaces/rosidl_adapter/my_robot_interfaces
[0.440s]   --output-file
[0.440s]   /home/adi/RosProjects/build/my_robot_interfaces/rosidl_adapter/my_robot_interfaces.idls)
[0.441s]   returned error code 1:
[0.441s] 
[0.441s]   Error with: my_robot_interfaces PredTurtleLocation ---
[0.441s] 
[0.441s]   Traceback (most recent call last):
[0.441s] 
[0.441s]     File "/usr/lib/python3.10/runpy.py", line 196, in _run_module_as_main
[0.441s]       return _run_code(code, main_globals, None,
[0.441s]     File "/usr/lib/python3.10/runpy.py", line 86, in _run_code
[0.441s]       exec(code, run_globals)
[0.441s]     File "/opt/ros/humble/local/lib/python3.10/dist-packages/rosidl_adapter/__main__.py", line 19, in <module>
[0.441s]       sys.exit(main())
[0.441s]     File "/opt/ros/humble/local/lib/python3.10/dist-packages/rosidl_adapter/main.py", line 53, in main
[0.441s]       abs_idl_file = convert_to_idl(
[0.441s]     File "/opt/ros/humble/local/lib/python3.10/dist-packages/rosidl_adapter/__init__.py", line 19, in convert_to_idl
[0.441s]       return convert_msg_to_idl(
[0.441s]     File "/opt/ros/humble/local/lib/python3.10/dist-packages/rosidl_adapter/msg/__init__.py", line 28, in convert_msg_to_idl
[0.442s]       msg = parse_message_string(package_name, input_file.stem, content)
[0.442s]     File "/opt/ros/humble/local/lib/python3.10/dist-packages/rosidl_adapter/parser.py", line 510, in parse_message_string
[0.442s]       raise InvalidFieldDefinition(line)
[0.442s] 
[0.442s]   rosidl_adapter.parser.InvalidFieldDefinition: ---
[0.442s] 
[0.442s] Call Stack (most recent call first):
[0.442s]   /opt/ros/humble/share/rosidl_cmake/cmake/rosidl_generate_interfaces.cmake:130 (rosidl_adapt_interfaces)
[0.442s]   CMakeLists.txt:11 (rosidl_generate_interfaces)
[0.442s] 
[0.442s] [0m
[0.442s] -- Configuring incomplete, errors occurred!
[0.442s] See also "/home/adi/RosProjects/build/my_robot_interfaces/CMakeFiles/CMakeOutput.log".
[0.444s] gmake: *** [Makefile:1395: cmake_check_build_system] Error 1
[0.446s] Invoked command in '/home/adi/RosProjects/build/my_robot_interfaces' returned '2': CMAKE_PREFIX_PATH=${CMAKE_PREFIX_PATH}:/home/adi/RosProjects/install/my_py_pkg:/home/adi/install/my_py_pkg:/opt/ros/humble /usr/bin/cmake --build /home/adi/RosProjects/build/my_robot_interfaces -- -j4 -l4
